C:\USERS\Давлат\DESKTOP\GITHUB\STACK\STACK\DEBUG\STACK.EXE
C:\USERS\Давлат\DESKTOP\GITHUB\STACK\STACK\DEBUG\STACK.ILK
C:\USERS\ДАВЛАТ\DESKTOP\GITHUB\STACK\STACK\DEBUG\STACK.PDB
C:\USERS\Давлат\DESKTOP\GITHUB\STACK\STACK\STACK\DEBUG\.NETFRAMEWORK,VERSION=V4.0.ASSEMBLYATTRIBUTES.OBJ
C:\USERS\Давлат\DESKTOP\GITHUB\STACK\STACK\STACK\DEBUG\APP.RES
C:\USERS\Давлат\DESKTOP\GITHUB\STACK\STACK\STACK\DEBUG\ASSEMBLYINFO.OBJ
C:\Users\Давлат\Desktop\github\Stack\Stack\Stack\Debug\cl.command.1.tlog
C:\Users\Давлат\Desktop\github\Stack\Stack\Stack\Debug\CL.read.1.tlog
C:\Users\Давлат\Desktop\github\Stack\Stack\Stack\Debug\CL.write.1.tlog
C:\Users\Давлат\Desktop\github\Stack\Stack\Stack\Debug\link.13632.read.1.tlog
C:\Users\Давлат\Desktop\github\Stack\Stack\Stack\Debug\link.13632.write.1.tlog
C:\Users\Давлат\Desktop\github\Stack\Stack\Stack\Debug\link.13632-cvtres.read.1.tlog
C:\Users\Давлат\Desktop\github\Stack\Stack\Stack\Debug\link.13632-cvtres.write.1.tlog
C:\Users\Давлат\Desktop\github\Stack\Stack\Stack\Debug\link.command.1.tlog
C:\Users\Давлат\Desktop\github\Stack\Stack\Stack\Debug\link.read.1.tlog
C:\Users\Давлат\Desktop\github\Stack\Stack\Stack\Debug\link.write.1.tlog
C:\Users\Давлат\Desktop\github\Stack\Stack\Stack\Debug\metagen.read.1.tlog
C:\Users\Давлат\Desktop\github\Stack\Stack\Stack\Debug\metagen.write.1.tlog
C:\Users\Давлат\Desktop\github\Stack\Stack\Stack\Debug\mt.command.1.tlog
C:\Users\Давлат\Desktop\github\Stack\Stack\Stack\Debug\mt.read.1.tlog
C:\Users\Давлат\Desktop\github\Stack\Stack\Stack\Debug\mt.write.1.tlog
C:\Users\Давлат\Desktop\github\Stack\Stack\Stack\Debug\rc.command.1.tlog
C:\Users\Давлат\Desktop\github\Stack\Stack\Stack\Debug\rc.read.1.tlog
C:\Users\Давлат\Desktop\github\Stack\Stack\Stack\Debug\rc.write.1.tlog
C:\USERS\Давлат\DESKTOP\GITHUB\STACK\STACK\STACK\DEBUG\STACK.EXE.INTERMEDIATE.MANIFEST
C:\USERS\Давлат\DESKTOP\GITHUB\STACK\STACK\STACK\DEBUG\STACK.OBJ
C:\USERS\Давлат\DESKTOP\GITHUB\STACK\STACK\STACK\DEBUG\STACK.PCH
C:\Users\Давлат\Desktop\github\Stack\Stack\Stack\Debug\Stack.vcxprojResolveAssemblyReference.cache
C:\Users\Давлат\Desktop\github\Stack\Stack\Stack\Debug\Stack.write.1.tlog
C:\USERS\Давлат\DESKTOP\GITHUB\STACK\STACK\STACK\DEBUG\STDAFX.OBJ
C:\Users\Давлат\Desktop\github\Stack\Stack\Stack\Debug\TZRES.DLL.bi
C:\USERS\ДАВЛАТ\DESKTOP\GITHUB\STACK\STACK\STACK\DEBUG\VC100.PDB
